#
# A fatal error has been detected by the Java Runtime Environment:
#
#  SIGSEGV (0xb) at pc=0x00007feeefb0fea5, pid=3869, tid=3885
#
# JRE version: OpenJDK Runtime Environment (11.0.7+10) (build 11.0.7+10-post-Debian-3)
# Java VM: OpenJDK 64-Bit Server VM (11.0.7+10-post-Debian-3, mixed mode, sharing, tiered, compressed oops, g1 gc, linux-amd64)
# Problematic frame:
# C  [libjimage.so+0x2ea5]
#
# No core dump will be written. Core dumps have been disabled. To enable core dumping, try "ulimit -c unlimited" before starting Java again
#
# If you would like to submit a bug report, please visit:
#   https://bugs.debian.org/openjdk-11
#

---------------  S U M M A R Y ------------

Command Line: -agentlib:jdwp=transport=dt_socket,suspend=y,address=localhost:34403 -javaagent:/home/igor/eclipse/java-2020-06/eclipse/configuration/org.eclipse.osgi/215/0/.cp/lib/javaagent-shaded.jar -Dfile.encoding=UTF-8 grafos.Grafos

Host: Intel(R) Pentium(R) D CPU 3.00GHz, 2 cores, 3G, Debian GNU/Linux bullseye/sid
Time: Tue Jul 21 11:37:40 2020 -03 elapsed time: 160 seconds (0d 0h 2m 40s)

---------------  T H R E A D  ---------------

Current thread (0x00007feee8119800):  JavaThread "Signal Dispatcher" daemon [_thread_in_vm, id=3885, stack(0x00007feeec20f000,0x00007feeec310000)]

Stack: [0x00007feeec20f000,0x00007feeec310000],  sp=0x00007feeec30d1f0,  free space=1016k
Native frames: (J=compiled Java code, A=aot compiled Java code, j=interpreted, Vv=VM code, C=native code)
C  [libjimage.so+0x2ea5]
